#
# There is insufficient memory for the Java Runtime Environment to continue.
# Native memory allocation (malloc) failed to allocate 1048576 bytes for AllocateHeap
# Possible reasons:
#   The system is out of physical RAM or swap space
#   In 32 bit mode, the process size limit was hit
# Possible solutions:
#   Reduce memory load on the system
#   Increase physical memory or swap space
#   Check if swap backing store is full
#   Use 64 bit Java on a 64 bit OS
#   Decrease Java heap size (-Xmx/-Xms)
#   Decrease number of Java threads
#   Decrease Java thread stack sizes (-Xss)
#   Set larger code cache with -XX:ReservedCodeCacheSize=
# This output file may be truncated or incomplete.
#
#  Out of Memory Error (memory/allocation.inline.hpp:61), pid=13808, tid=0x000000000000367c
#
# JRE version:  (8.0_161-b12) (build )
# Java VM: Java HotSpot(TM) 64-Bit Server VM (25.161-b12 mixed mode windows-amd64 compressed oops)
# Failed to write core dump. Minidumps are not enabled by default on client versions of Windows
#

---------------  T H R E A D  ---------------

Current thread (0x000000000520d800):  JavaThread "Unknown thread" [_thread_in_vm, id=13948, stack(0x0000000005310000,0x0000000005410000)]

Stack: [0x0000000005310000,0x0000000005410000]
[error occurred during error reporting (printing stack bounds), id 0xc0000005]

Native frames: (J=compiled Java code, j=interpreted, Vv=VM code, C=native code)


---------------  P R O C E S S  ---------------

Java Threads: ( => current thread )

Other Threads:

=>0x000000000520d800 (exited) JavaThread "Unknown thread" [_thread_in_vm, id=13948, stack(0x0000000005310000,0x0000000005410000)]

VM state:not at safepoint (normal execution)

VM Mutex/Monitor currently owned by a thread: None

Heap:
 PSYoungGen      total 76288K, used 1310K [0x000000076ae00000, 0x0000000770300000, 0x00000007c0000000)
  eden space 65536K, 2% used [0x000000076ae00000,0x000000076af47af0,0x000000076ee00000)
  from space 10752K, 0% used [0x000000076f880000,0x000000076f880000,0x0000000770300000)
  to   space 10752K, 0% used [0x000000076ee00000,0x000000076ee00000,0x000000076f880000)
 ParOldGen       total 175104K, used 0K [0x00000006c0a00000, 0x00000006cb500000, 0x000000076ae00000)
  object space 175104K, 0% used [0x00000006c0a00000,0x00000006c0a00000,0x00000006cb500000)
 Metaspace       used 747K, capacity 4480K, committed 4480K, reserved 1056768K
  class space    used 75K, capacity 384K, committed 384K, reserved 1048576K

Card table byte_map: [0x00000000148d0000,0x00000000150d0000] byte_map_base: 0x00000000112cb000

Marking Bits: (ParMarkBitMap*) 0x0000000055a9f860
 Begin Bits: [0x0000000016030000, 0x000000001a008000)
 End Bits:   [0x000000001a008000, 0x000000001dfe0000)

Polling page: 0x0000000003770000

CodeCache: size=245760Kb used=327Kb max_used=327Kb free=245432Kb
 bounds [0x0000000005510000, 0x0000000005780000, 0x0000000014510000]
 total_blobs=57 nmethods=0 adapters=38
 compilation: enabled

Compilation events (0 events):
No events

GC Heap History (0 events):
No events

Deoptimization events (0 events):
No events

Classes redefined (0 events):
No events

Internal exceptions (0 events):
No events

Events (10 events):
Event: 0.023 loading class java/lang/Short
Event: 0.023 loading class java/lang/Short done
Event: 0.023 loading class java/lang/Integer
Event: 0.023 loading class java/lang/Integer done
Event: 0.023 loading class java/lang/Long
Event: 0.023 loading class java/lang/Long done
Event: 0.023 loading class java/lang/NullPointerException
Event: 0.023 loading class java/lang/NullPointerException done
Event: 0.023 loading class java/lang/ArithmeticException
Event: 0.023 loading class java/lang/ArithmeticException done


Dynamic libraries:
0x00007ff795ca0000 - 0x00007ff795cd7000 	C:\Program Files\Java\jre1.8.0_161\bin\javaw.exe
0x00007ffd281a0000 - 0x00007ffd28380000 	C:\WINDOWS\SYSTEM32\ntdll.dll
0x00007ffd25eb0000 - 0x00007ffd25f5e000 	C:\WINDOWS\System32\KERNEL32.DLL
0x00007ffd251b0000 - 0x00007ffd25416000 	C:\WINDOWS\System32\KERNELBASE.dll
0x00007ffd27db0000 - 0x00007ffd27e51000 	C:\WINDOWS\System32\ADVAPI32.dll
0x00007ffd26240000 - 0x00007ffd262dd000 	C:\WINDOWS\System32\msvcrt.dll
0x00007ffd25d30000 - 0x00007ffd25d8b000 	C:\WINDOWS\System32\sechost.dll
0x00007ffd25d90000 - 0x00007ffd25eaf000 	C:\WINDOWS\System32\RPCRT4.dll
0x00007ffd260b0000 - 0x00007ffd2623f000 	C:\WINDOWS\System32\USER32.dll
0x00007ffd246f0000 - 0x00007ffd24710000 	C:\WINDOWS\System32\win32u.dll
0x00007ffd262e0000 - 0x00007ffd26308000 	C:\WINDOWS\System32\GDI32.dll
0x00007ffd24770000 - 0x00007ffd24903000 	C:\WINDOWS\System32\gdi32full.dll
0x00007ffd245a0000 - 0x00007ffd2463b000 	C:\WINDOWS\System32\msvcp_win.dll
0x00007ffd25060000 - 0x00007ffd25156000 	C:\WINDOWS\System32\ucrtbase.dll
0x00007ffd14d70000 - 0x00007ffd14fd9000 	C:\WINDOWS\WinSxS\amd64_microsoft.windows.common-controls_6595b64144ccf1df_6.0.16299.125_none_15cbcf8893620c09\COMCTL32.dll
0x00007ffd27e60000 - 0x00007ffd28168000 	C:\WINDOWS\System32\combase.dll
0x00007ffd255f0000 - 0x00007ffd25662000 	C:\WINDOWS\System32\bcryptPrimitives.dll
0x00007ffd27d80000 - 0x00007ffd27dad000 	C:\WINDOWS\System32\IMM32.DLL
0x00007ffd23740000 - 0x00007ffd23771000 	C:\WINDOWS\SYSTEM32\ntmarta.dll
0x00007ffd243f0000 - 0x00007ffd24420000 	C:\WINDOWS\SYSTEM32\SspiCli.dll
0x0000000055190000 - 0x0000000055262000 	C:\Program Files\Java\jre1.8.0_161\bin\msvcr100.dll
0x0000000055280000 - 0x0000000055b1f000 	C:\Program Files\Java\jre1.8.0_161\bin\server\jvm.dll
0x00007ffd26370000 - 0x00007ffd26378000 	C:\WINDOWS\System32\PSAPI.DLL
0x00007ffd09b00000 - 0x00007ffd09b09000 	C:\WINDOWS\SYSTEM32\WSOCK32.dll
0x00007ffd25f60000 - 0x00007ffd25fcc000 	C:\WINDOWS\System32\WS2_32.dll
0x00007ffd225e0000 - 0x00007ffd22603000 	C:\WINDOWS\SYSTEM32\WINMM.dll
0x00007ffd1e430000 - 0x00007ffd1e43a000 	C:\WINDOWS\SYSTEM32\VERSION.dll
0x00007ffd22580000 - 0x00007ffd225aa000 	C:\WINDOWS\SYSTEM32\winmmbase.dll
0x00007ffd25160000 - 0x00007ffd251aa000 	C:\WINDOWS\System32\cfgmgr32.dll
0x0000000059700000 - 0x000000005970f000 	C:\Program Files\Java\jre1.8.0_161\bin\verify.dll
0x00000000596d0000 - 0x00000000596f9000 	C:\Program Files\Java\jre1.8.0_161\bin\java.dll
0x0000000056cf0000 - 0x0000000056d06000 	C:\Program Files\Java\jre1.8.0_161\bin\zip.dll

VM Arguments:
jvm_args: -Dfile.encoding=Cp1252 
java_command: GestionPaises
java_class_path (initial): F:\DAW1\PR\Workspaces\wks_06\HojaRepaso_Paises\bin
Launcher Type: SUN_STANDARD

Environment Variables:
PATH=C:/Program Files/Java/jre1.8.0_161/bin/server;C:/Program Files/Java/jre1.8.0_161/bin;C:/Program Files/Java/jre1.8.0_161/lib/amd64;F:\Programas\Oraclexe\app\oracle\product\11.2.0\server\bin;C:\ProgramData\Oracle\Java\javapath;C:\WINDOWS\system32;C:\WINDOWS;C:\WINDOWS\System32\Wbem;C:\WINDOWS\System32\WindowsPowerShell\v1.0\;C:\Android;C:\Windows\System32;C:\Program Files (x86)\Windows Live\Shared;F:\Programas\Git\cmd;C:\Program Files\nodejs\;F:\Programas\Process Lasso;C:\Users\NitroPC\AppData\Local\Microsoft\WindowsApps;C:\Users\NitroPC\AppData\Roaming\npm;F:\Programas\eclipse;
USERNAME=Rafa
OS=Windows_NT
PROCESSOR_IDENTIFIER=AMD64 Family 23 Model 1 Stepping 1, AuthenticAMD



---------------  S Y S T E M  ---------------

OS: Windows 10.0 , 64 bit Build 16299 (10.0.16299.15)

CPU:total 12 (initial active 12) (12 cores per cpu, 1 threads per core) family 23 model 1 stepping 1, cmov, cx8, fxsr, mmx, sse, sse2, sse3, ssse3, sse4.1, sse4.2, popcnt, avx, avx2, aes, clmul, mmxext, 3dnowpref, lzcnt, sse4a, tsc, tscinvbit, tscinv, bmi1

Memory: 4k page, physical 16728532k(11788016k free), swap 31308624k(5244k free)

vm_info: Java HotSpot(TM) 64-Bit Server VM (25.161-b12) for windows-amd64 JRE (1.8.0_161-b12), built on Dec 19 2017 17:52:25 by "java_re" with MS VC++ 10.0 (VS2010)

time: Fri Jan 26 09:22:33 2018
elapsed time: 0 seconds (0d 0h 0m 0s)

